<?xml version="1.0" encoding="UTF-8"?>
<!-- Generated by org.testng.reporters.JUnitXMLReporter -->
<testsuite hostname="DESKTOP-CEKKT7I" ignored="5" name="Default test" tests="1" failures="0" timestamp="14 Feb 2019 17:38:22 GMT" time="35.256" errors="0">
  <testcase name="UserRegistrationTest" time="22.676" classname="com.example.AppiumTest"/>
  <testcase name="DisplayTextViewTest" time="0.0" classname="com.example.AppiumTest">
    <ignored/>
  </testcase> <!-- DisplayTextViewTest -->
  <testcase name="TextFieldTest" time="0.0" classname="com.example.AppiumTest">
    <ignored/>
  </testcase> <!-- TextFieldTest -->
  <testcase name="ButtonTest" time="0.0" classname="com.example.AppiumTest">
    <ignored/>
  </testcase> <!-- ButtonTest -->
  <testcase name="ENButtonTest" time="0.0" classname="com.example.AppiumTest">
    <ignored/>
  </testcase> <!-- ENButtonTest -->
  <testcase name="WebViewTest" time="0.0" classname="com.example.AppiumTest">
    <ignored/>
  </testcase> <!-- WebViewTest -->
</testsuite> <!-- Default test -->
