<?xml version="1.0" encoding="UTF-8"?>
<testng-results skipped="0" failed="0" ignored="0" total="1" passed="1">
  <reporter-output>
  </reporter-output>
  <suite name="Default suite" duration-ms="18769" started-at="2019-02-13T22:13:51Z" finished-at="2019-02-13T22:14:09Z">
    <groups>
    </groups>
    <test name="Default test" duration-ms="18769" started-at="2019-02-13T22:13:51Z" finished-at="2019-02-13T22:14:09Z">
      <class name="com.example.FirstAppiumTest">
        <test-method status="PASS" signature="Setup()[pri:0, instance:com.example.FirstAppiumTest@598067a5]" name="Setup" is-config="true" duration-ms="17797" started-at="2019-02-13T22:13:51Z" finished-at="2019-02-13T22:14:08Z">
          <reporter-output>
          </reporter-output>
        </test-method> <!-- Setup -->
        <test-method status="PASS" signature="simpleTest()[pri:0, instance:com.example.FirstAppiumTest@598067a5]" name="simpleTest" duration-ms="954" started-at="2019-02-13T22:14:08Z" finished-at="2019-02-13T22:14:09Z">
          <reporter-output>
          </reporter-output>
        </test-method> <!-- simpleTest -->
      </class> <!-- com.example.FirstAppiumTest -->
    </test> <!-- Default test -->
  </suite> <!-- Default suite -->
</testng-results>
